<?xml version="1.0" encoding="UTF-8"?>
<testsuite xmlns:xsi="http://www.w3.org/2001/XMLSchema-instance" xsi:noNamespaceSchemaLocation="https://maven.apache.org/surefire/maven-surefire-plugin/xsd/surefire-test-report.xsd" name="ch.bbw.ab.savecalculator.SaveCalculatorTest" time="0.033" tests="4" errors="0" skipped="0" failures="0">
  <properties>
    <property name="java.specification.version" value="15"/>
    <property name="sun.jnu.encoding" value="UTF-8"/>
    <property name="java.class.path" value="/Users/Bbwschule/IdeaProjects/Modul_426/02_01_SaveCalculatorMVN_AndeloBatinic/target/test-classes:/Users/Bbwschule/IdeaProjects/Modul_426/02_01_SaveCalculatorMVN_AndeloBatinic/target/classes:/Users/Bbwschule/.m2/repository/junit/junit/4.11/junit-4.11.jar:/Users/Bbwschule/.m2/repository/org/hamcrest/hamcrest-core/1.3/hamcrest-core-1.3.jar:"/>
    <property name="java.vm.vendor" value="Azul Systems, Inc."/>
    <property name="sun.arch.data.model" value="64"/>
    <property name="java.vendor.url" value="http://www.azulsystems.com/"/>
    <property name="os.name" value="Mac OS X"/>
    <property name="java.vm.specification.version" value="15"/>
    <property name="sun.java.launcher" value="SUN_STANDARD"/>
    <property name="user.country" value="CH"/>
    <property name="sun.boot.library.path" value="/Users/Bbwschule/Library/Java/JavaVirtualMachines/azul-15.0.3/Contents/Home/lib"/>
    <property name="sun.java.command" value="/Users/Bbwschule/IdeaProjects/Modul_426/02_01_SaveCalculatorMVN_AndeloBatinic/target/surefire/surefirebooter235767407986327002.jar /Users/Bbwschule/IdeaProjects/Modul_426/02_01_SaveCalculatorMVN_AndeloBatinic/target/surefire 2022-01-22T17-56-40_427-jvmRun1 surefire10430650881229924605tmp surefire_03009932872235067836tmp"/>
    <property name="http.nonProxyHosts" value="local|*.local|169.254/16|*.169.254/16"/>
    <property name="jdk.debug" value="release"/>
    <property name="surefire.test.class.path" value="/Users/Bbwschule/IdeaProjects/Modul_426/02_01_SaveCalculatorMVN_AndeloBatinic/target/test-classes:/Users/Bbwschule/IdeaProjects/Modul_426/02_01_SaveCalculatorMVN_AndeloBatinic/target/classes:/Users/Bbwschule/.m2/repository/junit/junit/4.11/junit-4.11.jar:/Users/Bbwschule/.m2/repository/org/hamcrest/hamcrest-core/1.3/hamcrest-core-1.3.jar:"/>
    <property name="sun.cpu.endian" value="little"/>
    <property name="user.home" value="/Users/Bbwschule"/>
    <property name="user.language" value="de"/>
    <property name="java.specification.vendor" value="Oracle Corporation"/>
    <property name="java.version.date" value="2021-04-20"/>
    <property name="java.home" value="/Users/Bbwschule/Library/Java/JavaVirtualMachines/azul-15.0.3/Contents/Home"/>
    <property name="file.separator" value="/"/>
    <property name="basedir" value="/Users/Bbwschule/IdeaProjects/Modul_426/02_01_SaveCalculatorMVN_AndeloBatinic"/>
    <property name="java.vm.compressedOopsMode" value="Zero based"/>
    <property name="line.separator" value="&#10;"/>
    <property name="java.specification.name" value="Java Platform API Specification"/>
    <property name="java.vm.specification.vendor" value="Oracle Corporation"/>
    <property name="surefire.real.class.path" value="/Users/Bbwschule/IdeaProjects/Modul_426/02_01_SaveCalculatorMVN_AndeloBatinic/target/surefire/surefirebooter235767407986327002.jar"/>
    <property name="sun.management.compiler" value="HotSpot 64-Bit Tiered Compilers"/>
    <property name="ftp.nonProxyHosts" value="local|*.local|169.254/16|*.169.254/16"/>
    <property name="java.runtime.version" value="15.0.3+3"/>
    <property name="user.name" value="Bbwschule"/>
    <property name="path.separator" value=":"/>
    <property name="os.version" value="10.16"/>
    <property name="java.runtime.name" value="OpenJDK Runtime Environment"/>
    <property name="file.encoding" value="UTF-8"/>
    <property name="java.vm.name" value="OpenJDK 64-Bit Server VM"/>
    <property name="java.vendor.version" value="Zulu15.32+15-CA"/>
    <property name="localRepository" value="/Users/Bbwschule/.m2/repository"/>
    <property name="java.vendor.url.bug" value="http://www.azulsystems.com/support/"/>
    <property name="java.io.tmpdir" value="/var/folders/6v/55n4g8p554lb8f5tyjyrdbvr0000gp/T/"/>
    <property name="idea.version" value="2020.2.4"/>
    <property name="java.version" value="15.0.3"/>
    <property name="user.dir" value="/Users/Bbwschule/IdeaProjects/Modul_426/02_01_SaveCalculatorMVN_AndeloBatinic"/>
    <property name="os.arch" value="x86_64"/>
    <property name="java.vm.specification.name" value="Java Virtual Machine Specification"/>
    <property name="java.library.path" value="/Users/Bbwschule/Library/Java/Extensions:/Library/Java/Extensions:/Network/Library/Java/Extensions:/System/Library/Java/Extensions:/usr/lib/java:."/>
    <property name="java.vm.info" value="mixed mode, sharing"/>
    <property name="java.vendor" value="Azul Systems, Inc."/>
    <property name="java.vm.version" value="15.0.3+3"/>
    <property name="sun.io.unicode.encoding" value="UnicodeBig"/>
    <property name="socksNonProxyHosts" value="local|*.local|169.254/16|*.169.254/16"/>
    <property name="java.class.version" value="59.0"/>
  </properties>
  <testcase name="shouldAnswerWithTrue" classname="ch.bbw.ab.savecalculator.SaveCalculatorTest" time="0.001"/>
  <testcase name="testSumZweiPositiveIsOk" classname="ch.bbw.ab.savecalculator.SaveCalculatorTest" time="0"/>
  <testcase name="testSubZweiNegativeIstOk" classname="ch.bbw.ab.savecalculator.SaveCalculatorTest" time="0"/>
  <testcase name="testVolumenDreiPositivIstOk" classname="ch.bbw.ab.savecalculator.SaveCalculatorTest" time="0"/>
</testsuite>